<?xml version="1.0" encoding="UTF-8"?>
<!-- Generated by org.testng.reporters.JUnitXMLReporter -->
<testsuite ignored="0" hostname="Narsingoju" failures="1" tests="1" name="Test" time="0.024" errors="0" timestamp="10 Nov 2021 14:24:02 GMT">
  <testcase classname="com.inetbanking.testcases.TC_Login_001" name="loginTest" time="0.009">
    <failure type="java.lang.NullPointerException" message="Cannot invoke &amp;quot;org.openqa.selenium.WebDriver.get(String)&amp;quot; because &amp;quot;com.inetbanking.testcases.TC_Login_001.driver&amp;quot; is null">
      <![CDATA[java.lang.NullPointerException: Cannot invoke "org.openqa.selenium.WebDriver.get(String)" because "com.inetbanking.testcases.TC_Login_001.driver" is null
at com.inetbanking.testcases.TC_Login_001.loginTest(TC_Login_001.java:14)
... Removed 25 stack frames]]>
    </failure>
  </testcase> <!-- loginTest -->
</testsuite> <!-- Test -->
