<?xml version="1.0" encoding="UTF-8"?>
<!-- Generated by org.testng.reporters.JUnitXMLReporter -->
<testsuite hostname="Narsingoju" ignored="0" name="Login" tests="1" failures="1" timestamp="2022-08-20T17:48:53 IST" time="47.677" errors="0">
  <testcase name="loginTest" time="36.404" classname="com.inetbanking.testcases.TC_Login_001">
    <failure type="java.lang.AssertionError" message="expected [true] but found [false]">
      <![CDATA[java.lang.AssertionError: expected [true] but found [false]
at com.inetbanking.testcases.TC_Login_001.loginTest(TC_Login_001.java:33)
at java.util.ArrayList.forEach(ArrayList.java:1257)
... Removed 31 stack frames]]>
    </failure>
  </testcase> <!-- loginTest -->
</testsuite> <!-- Login -->
